<?xml version="1.0" encoding="UTF-8"?>
<!-- Generated by org.testng.reporters.JUnitXMLReporter -->
<testsuite hostname="macbook" ignored="0" name="登录测试" tests="3" failures="1" timestamp="2020-03-17T11:00:10 CST" time="0.035" errors="0">
  <testcase name="登录成功" time="0.002" classname="com.ngtesting.autotest.test.TestLogin"/>
  <testcase name="密码错误" time="0.0" classname="com.ngtesting.autotest.test.TestLogin"/>
  <testcase name="账号过期" time="0.0" classname="com.ngtesting.autotest.test.TestLogin">
    <failure type="java.lang.AssertionError" message="expected [login2] but found [login]">
      <![CDATA[java.lang.AssertionError: expected [login2] but found [login]
at com.ngtesting.autotest.test.TestLogin.loginFail(TestLogin.java:30)
at java.util.ArrayList.forEach(ArrayList.java:1257)
... Removed 41 stack frames]]>
    </failure>
  </testcase> <!-- 账号过期 -->
</testsuite> <!-- 登录测试 -->
