2020-03-31 09:59:23 Found [36m3[0m scripts:
(1/3) Pass [TestLogin] [1. ç™»å½•æˆåŠŸ] (0.003s)
(2/3) Pass [TestLogin] [2. å¯†ç é”™è¯¯] (0.001s)
(3/3) Fail [TestLogin] [3. è´¦å·è¿‡æœŸ] (0.002s)

Failed Scripts:
[TestLogin] 3.è´¦å·è¿‡æœŸ
   java.lang.AssertionError - java.lang.AssertionError: expected [login2] but found [login]
	at org.testng.Assert.fail(Assert.java:97)
	at org.testng.Assert.assertEqualsImpl(Assert.java:136)
	at org.testng.Assert.assertEquals(Assert.java:118)
	at org.testng.Assert.assertEquals(Assert.java:575)
	at org.testng.Assert.assertEquals(Assert.java:585)
	at TestLogin.loginFail(TestLogin.java:30)


2020-03-31 09:59:23 Run 3 scripts in 4 secs, 2(66.0%) Pass, 1(33.0%) Fail, 0(0.0%) Skip. Report /Users/aaron/devops/project/ci_test_testng/log/002/result.txt
