<?xml version="1.0" encoding="UTF-8" ?>
<testsuite tests="3" failures="1" name="com.ngtesting.autotest.test.TestLogin" time="0.006" errors="0" skipped="0">
  <properties>
[...]
</properties>
  <testcase classname="com.ngtesting.autotest.test.TestLogin" name="登录成功" time="0.003"/>
  <testcase classname="com.ngtesting.autotest.test.TestLogin" name="密码错误" time="0.001"/>
  <testcase classname="com.ngtesting.autotest.test.TestLogin" name="账号过期" time="0.002">
    <failure message="expected [login2] but found [login]" type="java.lang.AssertionError">java.lang.AssertionError: expected [login2] but found [login]
	at org.testng.Assert.fail(Assert.java:97)
	at org.testng.Assert.assertEqualsImpl(Assert.java:136)
	at org.testng.Assert.assertEquals(Assert.java:118)
	at org.testng.Assert.assertEquals(Assert.java:575)
	at org.testng.Assert.assertEquals(Assert.java:585)
	at com.ngtesting.autotest.test.TestLogin.loginFail(TestLogin.java:30)
</failure>
  </testcase>
</testsuite>